app/release/mapping.txt
cn.modificator.launcher.AboutDialog -> cn.modificator.launcher.a:
    android.content.Context context -> a
    21:23:void <init>(android.content.Context) -> <init>
    26:26:cn.modificator.launcher.AboutDialog getInstance(android.content.Context) -> a
    30:76:android.view.View initLayout() -> b
    80:84:void show() -> a
cn.modificator.launcher.App -> cn.modificator.launcher.App:
    5:5:void <init>() -> <init>
    8:10:void onCreate() -> onCreate
cn.modificator.launcher.Config -> cn.modificator.launcher.b:
    android.content.Context context -> a
    int colNum -> b
    int rowNum -> c
    float fontSize -> d
    boolean hideDivider -> e
    java.lang.String preferencesFileName -> f
    java.util.Set hideApps -> g
    20:25:void <init>(android.content.Context) -> <init>
    28:32:int getColNum() -> a
    36:42:void setColNum(int) -> a
    45:49:int getRowNum() -> b
    53:58:void setRowNum(int) -> b
    73:77:void setHideApps(java.util.Set) -> a
    80:83:java.util.Set getHideApps() -> c
    87:90:float getFontSize() -> d
    94:96:void saveFontSize() -> e
    99:99:boolean getDividerHideStatus() -> f
    103:105:void setDividerHideStatus(boolean) -> a
    15:19:void <clinit>() -> <clinit>
cn.modificator.launcher.CrashCapture -> cn.modificator.launcher.c:
    java.lang.Thread$UncaughtExceptionHandler mDefaultHandler -> b
    cn.modificator.launcher.CrashCapture INSTANCE -> c
    android.content.Context mContext -> d
    java.util.Map info -> e
    java.text.SimpleDateFormat format -> f
    long mRestartTime -> g
    java.lang.Class mRestartActivity -> h
    boolean isBackground -> a
    java.lang.String logFile -> i
    35:53:void <init>() -> <init>
    59:59:cn.modificator.launcher.CrashCapture getInstance() -> a
    68:73:void init(android.content.Context,long,java.lang.Class) -> a
    80:114:void uncaughtException(java.lang.Thread,java.lang.Throwable) -> uncaughtException
    123:129:boolean handleException(java.lang.Throwable) -> a
    139:172:void collectDeviceInfo(android.content.Context) -> a
    175:217:java.lang.String saveCrashInfo2File(java.lang.Throwable) -> b
    33:33:void <clinit>() -> <clinit>
cn.modificator.launcher.CrashDetailPage -> cn.modificator.launcher.CrashDetailPage:
    android.widget.TextView btnReLaunch -> a
    android.widget.TextView tvContent -> b
    android.content.Context mContext -> c
    30:30:void <init>() -> <init>
    37:40:void onCreate(android.os.Bundle) -> onCreate
    43:68:void initViews() -> a
    71:109:void fillErrorContent() -> b
    113:116:void onStart() -> onStart
    30:30:android.content.Context access$000(cn.modificator.launcher.CrashDetailPage) -> a
cn.modificator.launcher.CrashDetailPage$1 -> cn.modificator.launcher.CrashDetailPage$1:
    cn.modificator.launcher.CrashDetailPage this$0 -> a
    71:71:void <init>(cn.modificator.launcher.CrashDetailPage) -> <init>
    74:78:void onClick(android.view.View) -> onClick
...
org.apache.ftpserver.command.impl.DefaultCommandFactory -> org.apache.ftpserver.command.impl.DefaultCommandFactory:
    java.util.Map commandMap -> commandMap
    42:43:void <init>() -> <init>
    48:50:void <init>(java.util.Map) -> <init>
    58:62:org.apache.ftpserver.command.Command getCommand(java.lang.String) -> getCommand
org.apache.ftpserver.command.impl.EPRT -> org.apache.ftpserver.command.impl.EPRT:
    org.slf4j.Logger LOG -> LOG
    48:50:void <init>() -> <init>
    60:146:void execute(org.apache.ftpserver.impl.FtpIoSession,org.apache.ftpserver.impl.FtpServerContext,org.apache.ftpserver.ftplet.FtpRequest) -> execute
org.apache.ftpserver.command.impl.EPSV -> org.apache.ftpserver.command.impl.EPSV:
    49:49:void <init>() -> <init>
    59:82:void execute(org.apache.ftpserver.impl.FtpIoSession,org.apache.ftpserver.impl.FtpServerContext,org.apache.ftpserver.ftplet.FtpRequest) -> execute
org.apache.ftpserver.command.impl.FEAT -> org.apache.ftpserver.command.impl.FEAT:
    42:42:void <init>() -> <init>
    49:53:void execute(org.apache.ftpserver.impl.FtpIoSession,org.apache.ftpserver.impl.FtpServerContext,org.apache.ftpserver.ftplet.FtpRequest) -> execute
org.apache.ftpserver.command.impl.HELP -> org.apache.ftpserver.command.impl.HELP:
    44:44:void <init>() -> <init>
    54:72:void execute(org.apache.ftpserver.impl.FtpIoSession,org.apache.ftpserver.impl.FtpServerContext,org.apache.ftpserver.ftplet.FtpRequest) -> execute
org.apache.ftpserver.command.impl.LANG -> org.apache.ftpserver.command.impl.LANG:
    43:43:void <init>() -> <init>
    53:84:void execute(org.apache.ftpserver.impl.FtpIoSession,org.apache.ftpserver.impl.FtpServerContext,org.apache.ftpserver.ftplet.FtpRequest) -> execute
org.apache.ftpserver.command.impl.LIST -> org.apache.ftpserver.command.impl.LIST:
    org.slf4j.Logger LOG -> LOG
    org.apache.ftpserver.command.impl.listing.LISTFileFormater LIST_FILE_FORMATER -> LIST_FILE_FORMATER
    org.apache.ftpserver.command.impl.listing.DirectoryLister directoryLister -> directoryLister
    60:66:void <init>() -> <init>
    78:169:void execute(org.apache.ftpserver.impl.FtpIoSession,org.apache.ftpserver.impl.FtpServerContext,org.apache.ftpserver.ftplet.FtpRequest) -> execute
    64:64:void <clinit>() -> <clinit>
org.apache.ftpserver.command.impl.MD5 -> org.apache.ftpserver.command.impl.MD5:
    org.slf4j.Logger LOG -> LOG
    char[] DIGITS -> DIGITS
    50:52:void <init>() -> <init>
    62:165:void execute(org.apache.ftpserver.impl.FtpIoSession,org.apache.ftpserver.impl.FtpServerContext,org.apache.ftpserver.ftplet.FtpRequest) -> execute
    176:186:java.lang.String md5(java.io.InputStream) -> md5
    201:211:char[] encodeHex(byte[]) -> encodeHex
    217:217:void <clinit>() -> <clinit>
org.apache.ftpserver.command.impl.MDTM -> org.apache.ftpserver.command.impl.MDTM:
    org.slf4j.Logger LOG -> LOG
    45:47:void <init>() -> <init>
    57:93:void execute(org.apache.ftpserver.impl.FtpIoSession,org.apache.ftpserver.impl.FtpServerContext,org.apache.ftpserver.ftplet.FtpRequest) -> execute
org.apache.ftpserver.command.impl.MFMT -> org.apache.ftpserver.command.impl.MFMT:
    org.slf4j.Logger LOG -> LOG
    45:47:void <init>() -> <init>
    58:159:void execute(org.apache.ftpserver.impl.FtpIoSession,org.apache.ftpserver.impl.FtpServerContext,org.apache.ftpserver.ftplet.FtpRequest) -> execute
org.apache.ftpserver.command.impl.MKD -> org.apache.ftpserver.command.impl.MKD:
    org.slf4j.Logger LOG -> LOG
    47:49:void <init>() -> <init>
    59:120:void execute(org.apache.ftpserver.impl.FtpIoSession,org.apache.ftpserver.impl.FtpServerContext,org.apache.ftpserver.ftplet.FtpRequest) -> execute